<?xml version="1.0" encoding="UTF-8"?>
<testsuite name="boardgame.engine.GameDataTest" tests="5" skipped="0" failures="0" errors="0" timestamp="2019-05-27T14:14:09" hostname="DESKTOP-OMQ5HMD" time="0.028">
  <properties/>
  <testcase name="testLoad3rdData()" classname="boardgame.engine.GameDataTest" time="0.018"/>
  <testcase name="testLoad()" classname="boardgame.engine.GameDataTest" time="0.002"/>
  <testcase name="testLoad1stData()" classname="boardgame.engine.GameDataTest" time="0.001"/>
  <testcase name="testZeroFill()" classname="boardgame.engine.GameDataTest" time="0.001"/>
  <testcase name="testLoad2ndData()" classname="boardgame.engine.GameDataTest" time="0.001"/>
  <system-out><![CDATA[]]></system-out>
  <system-err><![CDATA[]]></system-err>
</testsuite>
